B 0.00284    Exception caught: Could not get alias record for alias "cloud4rpi" (1045)

AeMySQLAccessDeniedException in system/core.php:2

┌─
│            1. index.php:1 e2 ()
│            2. system/core.php:2 jq (
│              array (
│                'alias' =&gt; 'cloud4rpi',
│                'is-published' =&gt; '1',
│                'preview-key' =&gt; '0',
│              )
│            )
│            3. system/core.php:2 e2_published_noterec_with_parameters_ (
│              array (
│                'alias' =&gt; 'cloud4rpi',
│                'is-published' =&gt; '1',
│                'preview-key' =&gt; '0',
│              )
│            )
│            4. system/core.php:2 e2_noterec_with_parameters_ (
│              array (
│                'alias' =&gt; 'cloud4rpi',
│                'is-published' =&gt; '1',
│                'preview-key' =&gt; '0',
│              )
│            )
│            5. system/core.php:2 f (
│              'cloud4rpi'
│            )
│            6. system/core.php:2 m (
│              AeDatabaseConfiguration::__set_state(array(
│                 'server' =&gt; 'localhost',
│                 'host' =&gt; 'localhost',
│                 'port' =&gt; NULL,
│                 'user' =&gt; '045463090_blog',
│                 'password' =&gt; 'q4bFenvAlLazlmTNY9ZznnpnhIyM1q50TJtHPnZ04A==',
│                 'name' =&gt; 'articus_blog',
│                 'source' =&gt; 'settings',
│                 'backup_dir' =&gt; 'user/backup/',
│                 'prefix' =&gt; 'e2Blog',
│                 'subset' =&gt; 1,
│              )),
│              'cloud4rpi'
│            )
│            7. system/core.php:2 dm (
│              AeDatabaseConfiguration::__set_state(array(
│                 'server' =&gt; 'localhost',
│                 'host' =&gt; 'localhost',
│                 'port' =&gt; NULL,
│                 'user' =&gt; '045463090_blog',
│                 'password' =&gt; 'q4bFenvAlLazlmTNY9ZznnpnhIyM1q50TJtHPnZ04A==',
│                 'name' =&gt; 'articus_blog',
│                 'source' =&gt; 'settings',
│                 'backup_dir' =&gt; 'user/backup/',
│                 'prefix' =&gt; 'e2Blog',
│                 'subset' =&gt; 1,
│              )),
│              'SELECT * FROM `e2BlogAliases` WHERE `SubsetID`=1 AND `Alias` = \'cloud4rpi\' ORDER BY `Stamp` LIMIT 1',
│              'get alias record for alias "cloud4rpi"'
│            )
│            8. system/core.php:2 mm (
│              AeDatabaseConfiguration::__set_state(array(
│                 'server' =&gt; 'localhost',
│                 'host' =&gt; 'localhost',
│                 'port' =&gt; NULL,
│                 'user' =&gt; '045463090_blog',
│                 'password' =&gt; 'q4bFenvAlLazlmTNY9ZznnpnhIyM1q50TJtHPnZ04A==',
│                 'name' =&gt; 'articus_blog',
│                 'source' =&gt; 'settings',
│                 'backup_dir' =&gt; 'user/backup/',
│                 'prefix' =&gt; 'e2Blog',
│                 'subset' =&gt; 1,
│              )),
│              'get alias record for alias "cloud4rpi"'
│            )
└─
